<?xml version="1.0" encoding="UTF-8"?>
<testng-results ignored="0" total="1" passed="1" failed="0" skipped="0">
  <reporter-output>
  </reporter-output>
  <suite started-at="2023-03-03T17:47:56 IST" name="Default suite" finished-at="2023-03-03T17:48:11 IST" duration-ms="15854">
    <groups>
    </groups>
    <test started-at="2023-03-03T17:47:56 IST" name="Default test" finished-at="2023-03-03T17:48:11 IST" duration-ms="15854">
      <class name="PaintsAndColors1PageFac.PaintAndColorsTest">
        <test-method signature="verification()[pri:0, instance:PaintsAndColors1PageFac.PaintAndColorsTest@4efac082]" started-at="2023-03-03T17:47:56 IST" name="verification" finished-at="2023-03-03T17:48:11 IST" duration-ms="15678" status="PASS">
          <reporter-output>
          </reporter-output>
        </test-method> <!-- verification -->
      </class> <!-- PaintsAndColors1PageFac.PaintAndColorsTest -->
    </test> <!-- Default test -->
  </suite> <!-- Default suite -->
</testng-results>
